<?xml version="1.0" encoding="UTF-8"?>
<!-- Generated by org.testng.reporters.JUnitXMLReporter -->
<testsuite ignored="0" hostname="TYSS-Chandana-M" failures="1" tests="3" name="Using_Chrome" time="18.822" errors="0" timestamp="2024-02-18T18:47:08 IST">
  <testcase classname="testng_crossbrowser.Register" name="m2" time="0.0">
    <failure type="org.testng.TestNGException" message="
Parameter &amp;apos;browsername&amp;apos; is required by @Test on method m2 but has not been marked @Optional or defined
in C:\Users\User\eclipse-workspace\SeleniumTraining\testng_crossbrowser.xml">
      <![CDATA[org.testng.TestNGException: 
Parameter 'browsername' is required by @Test on method m2 but has not been marked @Optional or defined
in C:\Users\User\eclipse-workspace\SeleniumTraining\testng_crossbrowser.xml
at java.base/java.util.concurrent.Executors$RunnableAdapter.call(Executors.java:539)
at java.base/java.util.concurrent.FutureTask.run(FutureTask.java:264)
at java.base/java.util.concurrent.ThreadPoolExecutor.runWorker(ThreadPoolExecutor.java:1136)
at java.base/java.util.concurrent.ThreadPoolExecutor$Worker.run(ThreadPoolExecutor.java:635)
at java.base/java.lang.Thread.run(Thread.java:842)
... Removed 12 stack frames]]>
    </failure>
  </testcase> <!-- m2 -->
  <testcase classname="testng_crossbrowser.LogIn" name="m2" time="16.009"/>
  <testcase classname="testng_crossbrowser.LogOut" name="m2" time="18.77"/>
</testsuite> <!-- Using_Chrome -->
